#
# A fatal error has been detected by the Java Runtime Environment:
#
#  EXCEPTION_ACCESS_VIOLATION (0xc0000005) at pc=0x0000000064e6b68f, pid=16640, tid=0x00000000000043e8
#
# JRE version: Java(TM) SE Runtime Environment (8.0_171-b11) (build 1.8.0_171-b11)
# Java VM: Java HotSpot(TM) 64-Bit Server VM (25.171-b11 mixed mode windows-amd64 compressed oops)
# Problematic frame:
# V  [jvm.dll+0x23b68f]
#
# Failed to write core dump. Minidumps are not enabled by default on client versions of Windows
#
# If you would like to submit a bug report, please visit:
#   http://bugreport.java.com/bugreport/crash.jsp
#

---------------  T H R E A D  ---------------

Current thread (0x000000001ef78000):  JavaThread "C1 CompilerThread2" daemon [_thread_in_vm, id=17384, stack(0x000000001f810000,0x000000001f910000)]

siginfo: ExceptionCode=0xc0000005, reading address 0xffffffffffffffff

Registers:
RAX=0x004000001c515050, RBX=0x000000000156edf0, RCX=0x0000000003b414d0, RDX=0x0000000000000000
RSP=0x000000001f90f410, RBP=0x000000001f90f519, RSI=0x0000000003b414d0, RDI=0x000000001ef78000
R8 =0x00000000015619e0, R9 =0x0000000003540000, R10=0x0000000003b40c72, R11=0x0000000003b40d20
R12=0x0000000000000000, R13=0x0000000000000044, R14=0x0000000000000045, R15=0x0000000000000137
RIP=0x0000000064e6b68f, EFLAGS=0x0000000000010246

Top of Stack: (sp=0x000000001f90f410)
0x000000001f90f410:   00000000000003d8 0000000003288ed0
0x000000001f90f420:   000000001f90f519 0000000003b40b50
0x000000001f90f430:   0000000000000000 0000000064e6bd60
0x000000001f90f440:   000000000156edf0 000000001f90f519
0x000000001f90f450:   0000000003b41b10 000000000156edf0
0x000000001f90f460:   000000001efad400 00007ff85f418b03
0x000000001f90f470:   0000000000000000 0000000064e47c65
0x000000001f90f480:   000000001f90f488 00007ff800000006
0x000000001f90f490:   000000001ef78e88 0000000000000000
0x000000001f90f4a0:   0000000000000000 0000000000000000
0x000000001f90f4b0:   000000001ef78ae0 000000002336f721
0x000000001f90f4c0:   000000269f2a0444 000000001ef78b60
0x000000001f90f4d0:   000000001ef78bb0 000000001ef887f0
0x000000001f90f4e0:   0000000000000000 0000000000000000
0x000000001f90f4f0:   0000000000000000 000000001f168050
0x000000001f90f500:   0000000000000000 0000000000000000 

Instructions: (pc=0x0000000064e6b68f)
0x0000000064e6b66f:   84 92 00 00 00 48 8b 06 48 8b ce ff 50 60 84 c0
0x0000000064e6b67f:   0f 85 81 00 00 00 83 7e 48 ff 75 7b 48 8b 46 40
0x0000000064e6b68f:   8b 40 20 c1 e8 08 a8 01 75 6d ff 8e ec 00 00 00
0x0000000064e6b69f:   48 89 6c 24 38 e8 17 f5 ff ff 8b ae ec 00 00 00 


Register to memory mapping:

RAX=0x004000001c515050 is an unknown value
RBX=0x000000000156edf0 is an unknown value
RCX=0x0000000003b414d0 is at entry_point+-400 in (nmethod*)0x0000000003b414d0
RDX=0x0000000000000000 is an unknown value
RSP=0x000000001f90f410 is pointing into the stack for thread: 0x000000001ef78000
RBP=0x000000001f90f519 is pointing into the stack for thread: 0x000000001ef78000
RSI=0x0000000003b414d0 is at entry_point+-400 in (nmethod*)0x0000000003b414d0
RDI=0x000000001ef78000 is a thread
R8 =0x00000000015619e0 is an unknown value
R9 =0x0000000003540000 is an unknown value
R10=0x0000000003b40c72 is at entry_point+-142 in (nmethod*)0x0000000003b40b50
R11=0x0000000003b40d20 is at entry_point+32 in (nmethod*)0x0000000003b40b50
R12=0x0000000000000000 is an unknown value
R13=0x0000000000000044 is an unknown value
R14=0x0000000000000045 is an unknown value
R15=0x0000000000000137 is an unknown value


Stack: [0x000000001f810000,0x000000001f910000],  sp=0x000000001f90f410,  free space=1021k
Native frames: (J=compiled Java code, j=interpreted, Vv=VM code, C=native code)
V  [jvm.dll+0x23b68f]
V  [jvm.dll+0x23bd60]
V  [jvm.dll+0x23c0cc]
V  [jvm.dll+0xa6617]
V  [jvm.dll+0xa68f0]
V  [jvm.dll+0x245adf]
V  [jvm.dll+0x29d40a]
C  [msvcr100.dll+0x21d9f]
C  [msvcr100.dll+0x21e3b]
C  [KERNEL32.DLL+0x17bd4]
C  [ntdll.dll+0x6ce51]


---------------  P R O C E S S  ---------------

Java Threads: ( => current thread )
  0x0000000022a4b000 JavaThread "container-0" [_thread_blocked, id=15148, stack(0x0000000023e60000,0x0000000023f60000)]
  0x0000000022a4a000 JavaThread "Catalina-utility-2" [_thread_blocked, id=15464, stack(0x0000000023960000,0x0000000023a60000)]
  0x0000000022a48800 JavaThread "Catalina-utility-1" [_thread_blocked, id=3516, stack(0x0000000023860000,0x0000000023960000)]
  0x0000000022a48000 JavaThread "spring.cloud.inetutils" daemon [_thread_blocked, id=15760, stack(0x0000000023760000,0x0000000023860000)]
  0x0000000022a49800 JavaThread "restartedMain" [_thread_in_Java, id=15368, stack(0x0000000023660000,0x0000000023760000)]
  0x0000000022a54000 JavaThread "Thread-2" [_thread_blocked, id=11508, stack(0x0000000026160000,0x0000000026260000)]
  0x0000000022a4e800 JavaThread "RMI TCP Connection(idle)" daemon [_thread_blocked, id=11180, stack(0x0000000020f90000,0x0000000021090000)]
  0x0000000022a47000 JavaThread "RMI TCP Connection(idle)" daemon [_thread_blocked, id=17012, stack(0x0000000020e90000,0x0000000020f90000)]
  0x0000000022a4e000 JavaThread "DestroyJavaVM" [_thread_blocked, id=14824, stack(0x0000000003180000,0x0000000003280000)]
  0x0000000022a46800 JavaThread "RMI TCP Connection(idle)" daemon [_thread_blocked, id=9688, stack(0x0000000025a60000,0x0000000025b60000)]
  0x000000001fed8800 JavaThread "RMI Scheduler(0)" daemon [_thread_blocked, id=16936, stack(0x0000000021090000,0x0000000021190000)]
  0x000000002014f000 JavaThread "RMI TCP Connection(idle)" daemon [_thread_blocked, id=15596, stack(0x0000000021790000,0x0000000021890000)]
  0x000000001f243000 JavaThread "RMI TCP Accept-0" daemon [_thread_in_native, id=16492, stack(0x000000001fa10000,0x000000001fb10000)]
  0x000000001f02a000 JavaThread "Service Thread" daemon [_thread_blocked, id=16532, stack(0x000000001f910000,0x000000001fa10000)]
=>0x000000001ef78000 JavaThread "C1 CompilerThread2" daemon [_thread_in_vm, id=17384, stack(0x000000001f810000,0x000000001f910000)]
  0x000000001ef77000 JavaThread "C2 CompilerThread1" daemon [_thread_blocked, id=16576, stack(0x000000001f710000,0x000000001f810000)]
  0x000000001ef74800 JavaThread "C2 CompilerThread0" daemon [_thread_blocked, id=8640, stack(0x000000001f610000,0x000000001f710000)]
  0x000000001ef73000 JavaThread "Monitor Ctrl-Break" daemon [_thread_in_native, id=6328, stack(0x000000001f510000,0x000000001f610000)]
  0x000000001e766800 JavaThread "Attach Listener" daemon [_thread_blocked, id=16860, stack(0x000000001ec10000,0x000000001ed10000)]
  0x000000001e71b800 JavaThread "Signal Dispatcher" daemon [_thread_blocked, id=16852, stack(0x000000001eb10000,0x000000001ec10000)]
  0x000000001cd31800 JavaThread "Finalizer" daemon [_thread_blocked, id=16764, stack(0x000000001e5b0000,0x000000001e6b0000)]
  0x000000000337b000 JavaThread "Reference Handler" daemon [_thread_blocked, id=3320, stack(0x000000001e4b0000,0x000000001e5b0000)]

Other Threads:
  0x000000001cd08000 VMThread [stack: 0x000000001e3b0000,0x000000001e4b0000] [id=12772]
  0x000000001f24f000 WatcherThread [stack: 0x000000001fb10000,0x000000001fc10000] [id=16528]

VM state:not at safepoint (normal execution)

VM Mutex/Monitor currently owned by a thread: None

Heap:
 PSYoungGen      total 354304K, used 154700K [0x000000076b500000, 0x000000078d200000, 0x00000007c0000000)
  eden space 336384K, 45% used [0x000000076b500000,0x0000000774c13288,0x000000077fd80000)
  from space 17920K, 0% used [0x000000077fd80000,0x000000077fd80000,0x0000000780f00000)
  to   space 19456K, 0% used [0x000000078bf00000,0x000000078bf00000,0x000000078d200000)
 ParOldGen       total 154112K, used 31304K [0x00000006c1e00000, 0x00000006cb480000, 0x000000076b500000)
  object space 154112K, 20% used [0x00000006c1e00000,0x00000006c3c92248,0x00000006cb480000)
 Metaspace       used 45331K, capacity 48324K, committed 48552K, reserved 1091584K
  class space    used 6394K, capacity 6974K, committed 7080K, reserved 1048576K

Card table byte_map: [0x0000000012900000,0x0000000013100000] byte_map_base: 0x000000000f2f1000

Marking Bits: (ParMarkBitMap*) 0x00000000654508c0
 Begin Bits: [0x0000000013c50000, 0x0000000017bd8000)
 End Bits:   [0x0000000017bd8000, 0x000000001bb60000)

Polling page: 0x00000000014c0000

CodeCache: size=245760Kb used=9733Kb max_used=9733Kb free=236026Kb
 bounds [0x0000000003540000, 0x0000000003ed0000, 0x0000000012540000]
 total_blobs=5469 nmethods=4964 adapters=416
 compilation: enabled

Compilation events (10 events):
Event: 59.072 Thread 0x000000001ef78000 5065       1       org.springframework.boot.context.properties.bind.Binder::access$600 (5 bytes)
Event: 59.073 Thread 0x000000001ef78000 nmethod 5065 0x0000000003ec2290 code [0x0000000003ec23e0, 0x0000000003ec24d0]
Event: 59.075 Thread 0x000000001ef78000 5066       1       org.springframework.beans.AbstractNestablePropertyAccessor::<init> (37 bytes)
Event: 59.076 Thread 0x000000001ef78000 nmethod 5066 0x0000000003ec2550 code [0x0000000003ec26a0, 0x0000000003ec2890]
Event: 59.076 Thread 0x000000001ef78000 5067   !   1       sun.reflect.GeneratedMethodAccessor28::invoke (63 bytes)
Event: 59.077 Thread 0x000000001ef78000 nmethod 5067 0x0000000003ec2910 code [0x0000000003ec2b00, 0x0000000003ec30a8]
Event: 59.077 Thread 0x000000001ef78000 5068       1       java.util.Optional::orElseThrow (22 bytes)
Event: 59.077 Thread 0x000000001ef78000 nmethod 5068 0x0000000003ec3650 code [0x0000000003ec37c0, 0x0000000003ec3948]
Event: 59.080 Thread 0x000000001ef78000 5069       1       java.lang.ProcessEnvironment$CheckedEntrySet$1::hasNext (10 bytes)
Event: 59.080 Thread 0x000000001ef78000 nmethod 5069 0x0000000003ec3a10 code [0x0000000003ec3b60, 0x0000000003ec3ca8]

GC Heap History (10 events):
Event: 4.661 GC heap before
{Heap before GC invocations=6 (full 1):
 PSYoungGen      total 219648K, used 219436K [0x000000076b500000, 0x000000077c780000, 0x00000007c0000000)
  eden space 211456K, 100% used [0x000000076b500000,0x0000000778380000,0x0000000778380000)
  from space 8192K, 97% used [0x000000077bf80000,0x000000077c74b180,0x000000077c780000)
  to   space 10752K, 0% used [0x000000077b280000,0x000000077b280000,0x000000077bd00000)
 ParOldGen       total 97792K, used 9707K [0x00000006c1e00000, 0x00000006c7d80000, 0x000000076b500000)
  object space 97792K, 9% used [0x00000006c1e00000,0x00000006c277ad18,0x00000006c7d80000)
 Metaspace       used 31436K, capacity 33150K, committed 33280K, reserved 1077248K
  class space    used 4283K, capacity 4601K, committed 4608K, reserved 1048576K
Event: 4.669 GC heap after
Heap after GC invocations=6 (full 1):
 PSYoungGen      total 270336K, used 10730K [0x000000076b500000, 0x0000000781f00000, 0x00000007c0000000)
  eden space 259584K, 0% used [0x000000076b500000,0x000000076b500000,0x000000077b280000)
  from space 10752K, 99% used [0x000000077b280000,0x000000077bcfabb0,0x000000077bd00000)
  to   space 16384K, 0% used [0x0000000780f00000,0x0000000780f00000,0x0000000781f00000)
 ParOldGen       total 97792K, used 16401K [0x00000006c1e00000, 0x00000006c7d80000, 0x000000076b500000)
  object space 97792K, 16% used [0x00000006c1e00000,0x00000006c2e04568,0x00000006c7d80000)
 Metaspace       used 31436K, capacity 33150K, committed 33280K, reserved 1077248K
  class space    used 4283K, capacity 4601K, committed 4608K, reserved 1048576K
}
Event: 5.802 GC heap before
{Heap before GC invocations=7 (full 1):
 PSYoungGen      total 270336K, used 65106K [0x000000076b500000, 0x0000000781f00000, 0x00000007c0000000)
  eden space 259584K, 20% used [0x000000076b500000,0x000000076ea19d20,0x000000077b280000)
  from space 10752K, 99% used [0x000000077b280000,0x000000077bcfabb0,0x000000077bd00000)
  to   space 16384K, 0% used [0x0000000780f00000,0x0000000780f00000,0x0000000781f00000)
 ParOldGen       total 97792K, used 16401K [0x00000006c1e00000, 0x00000006c7d80000, 0x000000076b500000)
  object space 97792K, 16% used [0x00000006c1e00000,0x00000006c2e04568,0x00000006c7d80000)
 Metaspace       used 33613K, capacity 35470K, committed 35496K, reserved 1079296K
  class space    used 4653K, capacity 5021K, committed 5032K, reserved 1048576K
Event: 5.809 GC heap after
Heap after GC invocations=7 (full 1):
 PSYoungGen      total 352768K, used 14417K [0x000000076b500000, 0x0000000786500000, 0x00000007c0000000)
  eden space 336384K, 0% used [0x000000076b500000,0x000000076b500000,0x000000077fd80000)
  from space 16384K, 87% used [0x0000000780f00000,0x0000000781d14708,0x0000000781f00000)
  to   space 17920K, 0% used [0x000000077fd80000,0x000000077fd80000,0x0000000780f00000)
 ParOldGen       total 97792K, used 16409K [0x00000006c1e00000, 0x00000006c7d80000, 0x000000076b500000)
  object space 97792K, 16% used [0x00000006c1e00000,0x00000006c2e06568,0x00000006c7d80000)
 Metaspace       used 33613K, capacity 35470K, committed 35496K, reserved 1079296K
  class space    used 4653K, capacity 5021K, committed 5032K, reserved 1048576K
}
Event: 5.809 GC heap before
{Heap before GC invocations=8 (full 2):
 PSYoungGen      total 352768K, used 14417K [0x000000076b500000, 0x0000000786500000, 0x00000007c0000000)
  eden space 336384K, 0% used [0x000000076b500000,0x000000076b500000,0x000000077fd80000)
  from space 16384K, 87% used [0x0000000780f00000,0x0000000781d14708,0x0000000781f00000)
  to   space 17920K, 0% used [0x000000077fd80000,0x000000077fd80000,0x0000000780f00000)
 ParOldGen       total 97792K, used 16409K [0x00000006c1e00000, 0x00000006c7d80000, 0x000000076b500000)
  object space 97792K, 16% used [0x00000006c1e00000,0x00000006c2e06568,0x00000006c7d80000)
 Metaspace       used 33613K, capacity 35470K, committed 35496K, reserved 1079296K
  class space    used 4653K, capacity 5021K, committed 5032K, reserved 1048576K
Event: 5.842 GC heap after
Heap after GC invocations=8 (full 2):
 PSYoungGen      total 352768K, used 0K [0x000000076b500000, 0x0000000786500000, 0x00000007c0000000)
  eden space 336384K, 0% used [0x000000076b500000,0x000000076b500000,0x000000077fd80000)
  from space 16384K, 0% used [0x0000000780f00000,0x0000000780f00000,0x0000000781f00000)
  to   space 17920K, 0% used [0x000000077fd80000,0x000000077fd80000,0x0000000780f00000)
 ParOldGen       total 154112K, used 19949K [0x00000006c1e00000, 0x00000006cb480000, 0x000000076b500000)
  object space 154112K, 12% used [0x00000006c1e00000,0x00000006c317b548,0x00000006cb480000)
 Metaspace       used 33613K, capacity 35470K, committed 35496K, reserved 1079296K
  class space    used 4653K, capacity 5021K, committed 5032K, reserved 1048576K
}
Event: 56.155 GC heap before
{Heap before GC invocations=9 (full 2):
 PSYoungGen      total 352768K, used 287719K [0x000000076b500000, 0x0000000786500000, 0x00000007c0000000)
  eden space 336384K, 85% used [0x000000076b500000,0x000000077cdf9c50,0x000000077fd80000)
  from space 16384K, 0% used [0x0000000780f00000,0x0000000780f00000,0x0000000781f00000)
  to   space 17920K, 0% used [0x000000077fd80000,0x000000077fd80000,0x0000000780f00000)
 ParOldGen       total 154112K, used 19949K [0x00000006c1e00000, 0x00000006cb480000, 0x000000076b500000)
  object space 154112K, 12% used [0x00000006c1e00000,0x00000006c317b548,0x00000006cb480000)
 Metaspace       used 45147K, capacity 47974K, committed 48168K, reserved 1091584K
  class space    used 6369K, capacity 6907K, committed 6952K, reserved 1048576K
Event: 56.165 GC heap after
Heap after GC invocations=9 (full 2):
 PSYoungGen      total 354304K, used 16247K [0x000000076b500000, 0x000000078d200000, 0x00000007c0000000)
  eden space 336384K, 0% used [0x000000076b500000,0x000000076b500000,0x000000077fd80000)
  from space 17920K, 90% used [0x000000077fd80000,0x0000000780d5df00,0x0000000780f00000)
  to   space 19456K, 0% used [0x000000078bf00000,0x000000078bf00000,0x000000078d200000)
 ParOldGen       total 154112K, used 19957K [0x00000006c1e00000, 0x00000006cb480000, 0x000000076b500000)
  object space 154112K, 12% used [0x00000006c1e00000,0x00000006c317d548,0x00000006cb480000)
 Metaspace       used 45147K, capacity 47974K, committed 48168K, reserved 1091584K
  class space    used 6369K, capacity 6907K, committed 6952K, reserved 1048576K
}
Event: 56.165 GC heap before
{Heap before GC invocations=10 (full 3):
 PSYoungGen      total 354304K, used 16247K [0x000000076b500000, 0x000000078d200000, 0x00000007c0000000)
  eden space 336384K, 0% used [0x000000076b500000,0x000000076b500000,0x000000077fd80000)
  from space 17920K, 90% used [0x000000077fd80000,0x0000000780d5df00,0x0000000780f00000)
  to   space 19456K, 0% used [0x000000078bf00000,0x000000078bf00000,0x000000078d200000)
 ParOldGen       total 154112K, used 19957K [0x00000006c1e00000, 0x00000006cb480000, 0x000000076b500000)
  object space 154112K, 12% used [0x00000006c1e00000,0x00000006c317d548,0x00000006cb480000)
 Metaspace       used 45147K, capacity 47974K, committed 48168K, reserved 1091584K
  class space    used 6369K, capacity 6907K, committed 6952K, reserved 1048576K
Event: 56.256 GC heap after
Heap after GC invocations=10 (full 3):
 PSYoungGen      total 354304K, used 0K [0x000000076b500000, 0x000000078d200000, 0x00000007c0000000)
  eden space 336384K, 0% used [0x000000076b500000,0x000000076b500000,0x000000077fd80000)
  from space 17920K, 0% used [0x000000077fd80000,0x000000077fd80000,0x0000000780f00000)
  to   space 19456K, 0% used [0x000000078bf00000,0x000000078bf00000,0x000000078d200000)
 ParOldGen       total 154112K, used 31304K [0x00000006c1e00000, 0x00000006cb480000, 0x000000076b500000)
  object space 154112K, 20% used [0x00000006c1e00000,0x00000006c3c92248,0x00000006cb480000)
 Metaspace       used 45147K, capacity 47974K, committed 48168K, reserved 1091584K
  class space    used 6369K, capacity 6907K, committed 6952K, reserved 1048576K
}

Deoptimization events (0 events):
No events

Classes redefined (0 events):
No events

Internal exceptions (10 events):
Event: 59.026 Thread 0x0000000022a49800 Exception <a 'java/lang/ArrayIndexOutOfBoundsException'> (0x000000077438c2b8) thrown at [C:\re\workspace\8-2-build-windows-amd64-cygwin\jdk8u171\10807\hotspot\src\share\vm\runtime\sharedRuntime.cpp, line 605]
Event: 59.042 Thread 0x0000000022a49800 Exception <a 'java/io/FileNotFoundException'> (0x000000077457a680) thrown at [C:\re\workspace\8-2-build-windows-amd64-cygwin\jdk8u171\10807\hotspot\src\share\vm\prims\jni.cpp, line 709]
Event: 59.058 Thread 0x0000000022a49800 Exception <a 'java/lang/ArrayIndexOutOfBoundsException'> (0x000000077470bab0) thrown at [C:\re\workspace\8-2-build-windows-amd64-cygwin\jdk8u171\10807\hotspot\src\share\vm\runtime\sharedRuntime.cpp, line 605]
Event: 59.061 Thread 0x0000000022a49800 Exception <a 'java/lang/ArrayIndexOutOfBoundsException'> (0x00000007747469d0) thrown at [C:\re\workspace\8-2-build-windows-amd64-cygwin\jdk8u171\10807\hotspot\src\share\vm\runtime\sharedRuntime.cpp, line 605]
Event: 59.062 Thread 0x0000000022a49800 Exception <a 'java/lang/ArrayIndexOutOfBoundsException'> (0x0000000774750958) thrown at [C:\re\workspace\8-2-build-windows-amd64-cygwin\jdk8u171\10807\hotspot\src\share\vm\runtime\sharedRuntime.cpp, line 605]
Event: 59.068 Thread 0x0000000022a49800 Exception <a 'java/net/BindException': Address already in use: JVM_Bind> (0x00000007747f5f98) thrown at [C:\re\workspace\8-2-build-windows-amd64-cygwin\jdk8u171\10807\hotspot\src\share\vm\prims\jni.cpp, line 735]
Event: 59.072 Thread 0x0000000022a49800 Exception <a 'java/lang/ArrayIndexOutOfBoundsException'> (0x0000000774840950) thrown at [C:\re\workspace\8-2-build-windows-amd64-cygwin\jdk8u171\10807\hotspot\src\share\vm\runtime\sharedRuntime.cpp, line 605]
Event: 59.076 Thread 0x0000000022a49800 Exception <a 'java/lang/ArrayIndexOutOfBoundsException'> (0x0000000774886970) thrown at [C:\re\workspace\8-2-build-windows-amd64-cygwin\jdk8u171\10807\hotspot\src\share\vm\runtime\sharedRuntime.cpp, line 605]
Event: 59.077 Thread 0x0000000022a49800 Exception <a 'java/lang/ArrayIndexOutOfBoundsException'> (0x000000077488aaa0) thrown at [C:\re\workspace\8-2-build-windows-amd64-cygwin\jdk8u171\10807\hotspot\src\share\vm\runtime\sharedRuntime.cpp, line 605]
Event: 59.077 Thread 0x0000000022a49800 Exception <a 'java/lang/ArrayIndexOutOfBoundsException'> (0x0000000774898e70) thrown at [C:\re\workspace\8-2-build-windows-amd64-cygwin\jdk8u171\10807\hotspot\src\share\vm\runtime\sharedRuntime.cpp, line 605]

Events (10 events):
Event: 59.083 loading class javax/persistence/Persistence
Event: 59.083 loading class javax/persistence/Persistence done
Event: 59.083 loading class javax/persistence/Persistence
Event: 59.083 loading class javax/persistence/Persistence done
Event: 59.084 loading class javax/persistence/Persistence
Event: 59.084 loading class javax/persistence/Persistence done
Event: 59.084 loading class javax/persistence/Persistence
Event: 59.084 loading class javax/persistence/Persistence done
Event: 59.084 loading class javax/persistence/Persistence
Event: 59.084 loading class javax/persistence/Persistence done


Dynamic libraries:
0x00007ff69e2f0000 - 0x00007ff69e327000 	C:\Program Files\Java\jdk1.8.0_171\bin\java.exe
0x00007ff861960000 - 0x00007ff861b50000 	C:\WINDOWS\SYSTEM32\ntdll.dll
0x00007ff860670000 - 0x00007ff860722000 	C:\WINDOWS\System32\KERNEL32.DLL
0x00007ff85f3e0000 - 0x00007ff85f683000 	C:\WINDOWS\System32\KERNELBASE.dll
0x00007ff860320000 - 0x00007ff8603c3000 	C:\WINDOWS\System32\ADVAPI32.dll
0x00007ff861010000 - 0x00007ff8610ae000 	C:\WINDOWS\System32\msvcrt.dll
0x00007ff860570000 - 0x00007ff860607000 	C:\WINDOWS\System32\sechost.dll
0x00007ff85fa40000 - 0x00007ff85fb60000 	C:\WINDOWS\System32\RPCRT4.dll
0x00007ff8603d0000 - 0x00007ff860564000 	C:\WINDOWS\System32\USER32.dll
0x00007ff85f6c0000 - 0x00007ff85f6e1000 	C:\WINDOWS\System32\win32u.dll
0x00007ff8610b0000 - 0x00007ff8610d6000 	C:\WINDOWS\System32\GDI32.dll
0x00007ff85e970000 - 0x00007ff85eb04000 	C:\WINDOWS\System32\gdi32full.dll
0x00007ff85f6f0000 - 0x00007ff85f78e000 	C:\WINDOWS\System32\msvcp_win.dll
0x00007ff85f840000 - 0x00007ff85f93a000 	C:\WINDOWS\System32\ucrtbase.dll
0x00007ff85dd30000 - 0x00007ff85dfb5000 	C:\WINDOWS\WinSxS\amd64_microsoft.windows.common-controls_6595b64144ccf1df_6.0.18362.778_none_e6c6b761130d4fb8\COMCTL32.dll
0x00007ff85ffe0000 - 0x00007ff860316000 	C:\WINDOWS\System32\combase.dll
0x00007ff85f940000 - 0x00007ff85f9c0000 	C:\WINDOWS\System32\bcryptPrimitives.dll
0x00007ff85fa10000 - 0x00007ff85fa3e000 	C:\WINDOWS\System32\IMM32.DLL
0x00000000666c0000 - 0x0000000066792000 	C:\Program Files\Java\jdk1.8.0_171\jre\bin\msvcr100.dll
0x0000000064c30000 - 0x00000000654d0000 	C:\Program Files\Java\jdk1.8.0_171\jre\bin\server\jvm.dll
0x00007ff85ffd0000 - 0x00007ff85ffd8000 	C:\WINDOWS\System32\PSAPI.DLL
0x00007ff85c420000 - 0x00007ff85c444000 	C:\WINDOWS\SYSTEM32\WINMM.dll
0x00007ff847470000 - 0x00007ff847479000 	C:\WINDOWS\SYSTEM32\WSOCK32.dll
0x00007ff860730000 - 0x00007ff86079f000 	C:\WINDOWS\System32\WS2_32.dll
0x00007ff858610000 - 0x00007ff85861a000 	C:\WINDOWS\SYSTEM32\VERSION.dll
0x00007ff85c290000 - 0x00007ff85c2bd000 	C:\WINDOWS\SYSTEM32\WINMMBASE.dll
0x00007ff85f9c0000 - 0x00007ff85fa0a000 	C:\WINDOWS\System32\cfgmgr32.dll
0x00000000666b0000 - 0x00000000666bf000 	C:\Program Files\Java\jdk1.8.0_171\jre\bin\verify.dll
0x0000000066680000 - 0x00000000666a9000 	C:\Program Files\Java\jdk1.8.0_171\jre\bin\java.dll
0x00000000665e0000 - 0x0000000066603000 	C:\Program Files\Java\jdk1.8.0_171\jre\bin\instrument.dll
0x0000000066660000 - 0x0000000066676000 	C:\Program Files\Java\jdk1.8.0_171\jre\bin\zip.dll
0x00007ff860910000 - 0x00007ff860ff5000 	C:\WINDOWS\System32\SHELL32.dll
0x00007ff861870000 - 0x00007ff861919000 	C:\WINDOWS\System32\shcore.dll
0x00007ff85eb10000 - 0x00007ff85f290000 	C:\WINDOWS\System32\windows.storage.dll
0x00007ff85e870000 - 0x00007ff85e893000 	C:\WINDOWS\System32\profapi.dll
0x00007ff85e8a0000 - 0x00007ff85e8ea000 	C:\WINDOWS\System32\powrprof.dll
0x00007ff85e820000 - 0x00007ff85e830000 	C:\WINDOWS\System32\UMPDC.dll
0x00007ff860610000 - 0x00007ff860662000 	C:\WINDOWS\System32\shlwapi.dll
0x00007ff85e830000 - 0x00007ff85e841000 	C:\WINDOWS\System32\kernel.appcore.dll
0x00007ff85e8f0000 - 0x00007ff85e907000 	C:\WINDOWS\System32\cryptsp.dll
0x00007ff841580000 - 0x00007ff84159a000 	E:\IntelliJ IDEA 2019.1.3\bin\breakgen64.dll
0x0000000066640000 - 0x000000006665a000 	C:\Program Files\Java\jdk1.8.0_171\jre\bin\net.dll
0x00007ff85da10000 - 0x00007ff85da77000 	C:\WINDOWS\system32\mswsock.dll
0x00007ff85d760000 - 0x00007ff85d82a000 	C:\WINDOWS\SYSTEM32\DNSAPI.dll
0x00007ff8608e0000 - 0x00007ff8608e8000 	C:\WINDOWS\System32\NSI.dll
0x00007ff85d720000 - 0x00007ff85d75a000 	C:\WINDOWS\SYSTEM32\IPHLPAPI.DLL
0x00007ff856110000 - 0x00007ff85611a000 	C:\Windows\System32\rasadhlp.dll
0x00007ff854550000 - 0x00007ff8545c7000 	C:\WINDOWS\System32\fwpuclnt.dll
0x00007ff85f690000 - 0x00007ff85f6b6000 	C:\WINDOWS\System32\bcrypt.dll
0x0000000066610000 - 0x000000006661d000 	C:\Program Files\Java\jdk1.8.0_171\jre\bin\management.dll
0x0000000066620000 - 0x0000000066631000 	C:\Program Files\Java\jdk1.8.0_171\jre\bin\nio.dll
0x00007ff85d580000 - 0x00007ff85d5b3000 	C:\WINDOWS\system32\rsaenh.dll
0x00007ff85e740000 - 0x00007ff85e765000 	C:\WINDOWS\SYSTEM32\USERENV.dll
0x00007ff85dbe0000 - 0x00007ff85dbec000 	C:\WINDOWS\SYSTEM32\CRYPTBASE.dll
0x00007ff8548f0000 - 0x00007ff854906000 	C:\WINDOWS\SYSTEM32\dhcpcsvc6.DLL
0x00007ff854890000 - 0x00007ff8548ac000 	C:\WINDOWS\SYSTEM32\dhcpcsvc.DLL
0x00007ff847230000 - 0x00007ff847246000 	C:\WINDOWS\system32\napinsp.dll
0x00007ff847210000 - 0x00007ff84722a000 	C:\WINDOWS\system32\pnrpnsp.dll
0x00007ff8471d0000 - 0x00007ff8471de000 	C:\WINDOWS\System32\winrnr.dll
0x00007ff85aae0000 - 0x00007ff85aafc000 	C:\WINDOWS\system32\NLAapi.dll
0x00007ff8592d0000 - 0x00007ff8592e5000 	C:\WINDOWS\system32\wshbth.dll
0x00000000665b0000 - 0x00000000665d4000 	C:\Program Files\Java\jdk1.8.0_171\jre\bin\sunec.dll
0x00007ff85e340000 - 0x00007ff85e534000 	C:\WINDOWS\SYSTEM32\dbghelp.dll

VM Arguments:
jvm_args: -XX:TieredStopAtLevel=1 -Xverify:none -Dspring.output.ansi.enabled=always -Dcom.sun.management.jmxremote -Dspring.jmx.enabled=true -Dspring.liveBeansView.mbeanDomain -Dspring.application.admin.enabled=true -javaagent:E:\IntelliJ IDEA 2019.1.3\lib\idea_rt.jar=57389:E:\IntelliJ IDEA 2019.1.3\bin -Dfile.encoding=UTF-8 
java_command: com.ydx.springcloud.OrderFeignMain80
java_class_path (initial): C:\Program Files\Java\jdk1.8.0_171\jre\lib\charsets.jar;C:\Program Files\Java\jdk1.8.0_171\jre\lib\deploy.jar;C:\Program Files\Java\jdk1.8.0_171\jre\lib\ext\access-bridge-64.jar;C:\Program Files\Java\jdk1.8.0_171\jre\lib\ext\cldrdata.jar;C:\Program Files\Java\jdk1.8.0_171\jre\lib\ext\dnsns.jar;C:\Program Files\Java\jdk1.8.0_171\jre\lib\ext\jaccess.jar;C:\Program Files\Java\jdk1.8.0_171\jre\lib\ext\jfxrt.jar;C:\Program Files\Java\jdk1.8.0_171\jre\lib\ext\localedata.jar;C:\Program Files\Java\jdk1.8.0_171\jre\lib\ext\nashorn.jar;C:\Program Files\Java\jdk1.8.0_171\jre\lib\ext\sunec.jar;C:\Program Files\Java\jdk1.8.0_171\jre\lib\ext\sunjce_provider.jar;C:\Program Files\Java\jdk1.8.0_171\jre\lib\ext\sunmscapi.jar;C:\Program Files\Java\jdk1.8.0_171\jre\lib\ext\sunpkcs11.jar;C:\Program Files\Java\jdk1.8.0_171\jre\lib\ext\zipfs.jar;C:\Program Files\Java\jdk1.8.0_171\jre\lib\javaws.jar;C:\Program Files\Java\jdk1.8.0_171\jre\lib\jce.jar;C:\Program Files\Java\jdk1.8.0_171\jre\lib\jfr.jar;C:\Program Files\Java\jdk1.8.0_171\jre\lib\jfxswt.jar;C:\Program Files\Java\jdk1.8.0_171\jre\lib\jsse.jar;C:\Program Files\Java\jdk1.8.0_171\jre\lib\management-agent.jar;C:\Program Files\Java\jdk1.8.0_171\jre\lib\plugin.jar;C:\Program Files\Java\jdk1.8.0_171\jre\lib\resources.jar;C:\Program Files\Java\jdk1.8.0_171\jre\lib\rt.jar;E:\IDEAproject\cloud-consumer-feign-order80\target\classes;E:\devtools\maven\repository\org\springframework\cloud\spring-cloud-starter-openfeign\2.2.1.RELEASE\spring-cloud-starter-openfeign-2.2.1.RELEASE.jar;E:\devtools\maven\repository\org\springframework\cloud\spring-cloud-starter\2.2.1.RELEASE\spring-cloud-starter-2.2.1.RELEASE.jar;E:\devtools\maven\repository\org\springframework\cloud\spring-cloud-context\2.2.1.RELEASE\spring-cloud-context-2.2.1.RELEASE.jar;E:\devtools\maven\repository\org\springframework\security\spring-security-rsa\1.0.9.RELEASE\spring-security-rsa-1.0.9.RELEASE.jar;E:\devtools\maven\repository\org\bouncycastle\bcpkix-
Launcher Type: SUN_STANDARD

Environment Variables:
JAVA_HOME=C:\Program Files\Java\jdk1.8.0_171
CLASSPATH=.;C:\Program Files\Java\jdk1.8.0_171\lib;C:\Program Files\Java\jdk1.8.0_171\lib\tools.jar
PATH=C:\Program Files (x86)\Common Files\Oracle\Java\javapath;C:\Program Files (x86)\Intel\Intel(R) Management Engine Components\iCLS\;C:\Program Files\Intel\Intel(R) Management Engine Components\iCLS\;C:\Windows\system32;C:\Windows;C:\Windows\System32\Wbem;C:\Windows\System32\WindowsPowerShell\v1.0\;C:\Program Files (x86)\NVIDIA Corporation\PhysX\Common;C:\Program Files (x86)\Intel\Intel(R) Management Engine Components\DAL;C:\Program Files\Intel\Intel(R) Management Engine Components\DAL;C:\Program Files (x86)\Intel\Intel(R) Management Engine Components\IPT;C:\Program Files\Intel\Intel(R) Management Engine Components\IPT;C:\Program Files\Intel\WiFi\bin\;C:\Program Files\Common Files\Intel\WirelessCommon\;C:\WINDOWS\system32;C:\WINDOWS;C:\WINDOWS\System32\Wbem;C:\WINDOWS\System32\WindowsPowerShell\v1.0\;C:\WINDOWS\System32\OpenSSH\;C:\Program Files\NVIDIA Corporation\NVIDIA NvDLISR;C:\Program Files\Git\cmd;C:\WINDOWS\system32;C:\WINDOWS;C:\WINDOWS\System32\Wbem;C:\WINDOWS\System32\WindowsPowerShell\v1.0\;C:\WINDOWS\System32\OpenSSH\;E:\devtools\apache-maven-3.5.2\bin;C:\Users\Administrator\AppData\Local\Microsoft\WindowsApps;C:\Users\Administrator\AppData\Local\Microsoft\WindowsApps;E:\Bandizip\
USERNAME=Administrator
OS=Windows_NT
PROCESSOR_IDENTIFIER=Intel64 Family 6 Model 158 Stepping 10, GenuineIntel



---------------  S Y S T E M  ---------------

OS: Windows 10.0 , 64 bit Build 18362 (10.0.18362.778)

CPU:total 6 (initial active 6) (6 cores per cpu, 1 threads per core) family 6 model 158 stepping 10, cmov, cx8, fxsr, mmx, sse, sse2, sse3, ssse3, sse4.1, sse4.2, popcnt, avx, avx2, aes, clmul, erms, 3dnowpref, lzcnt, tsc, tscinvbit, bmi1, bmi2, adx

Memory: 4k page, physical 16646748k(7878740k free), swap 17695324k(2614128k free)

vm_info: Java HotSpot(TM) 64-Bit Server VM (25.171-b11) for windows-amd64 JRE (1.8.0_171-b11), built on Mar 28 2018 16:06:12 by "java_re" with MS VC++ 10.0 (VS2010)

time: Mon Apr 20 04:14:03 2020
elapsed time: 59 seconds (0d 0h 0m 59s)

